<?xml version="1.0" encoding="UTF-8"?>
<!-- Generated by org.testng.reporters.JUnitXMLReporter -->
<testsuite ignored="4" hostname="DESKTOP-MK6I1DB" failures="0" tests="4" name="Test3" time="34.801" errors="0" timestamp="2024-04-09T13:52:24 IST">
  <testcase classname="testScripts.BookTest" name="books_001" time="0.0">
    <skipped/>
  </testcase> <!-- books_001 -->
  <testcase classname="testScripts.BookTest" name="books_002" time="0.0">
    <skipped/>
  </testcase> <!-- books_002 -->
  <testcase classname="testScripts.ComputerTest" name="computers_001" time="1.431"/>
  <testcase classname="testScripts.ComputerTest" name="computers_002" time="4.094"/>
  <testcase classname="genericLibrary.BaseClass" name="@AfterTest at" time="0.0">
    <ignored/>
  </testcase> <!-- @AfterTest at -->
  <testcase classname="genericLibrary.BaseClass" name="@BeforeSuite bs" time="0.0">
    <ignored/>
  </testcase> <!-- @BeforeSuite bs -->
  <testcase classname="genericLibrary.BaseClass" name="@BeforeTest bt" time="0.0">
    <ignored/>
  </testcase> <!-- @BeforeTest bt -->
  <testcase classname="genericLibrary.BaseClass" name="@AfterSuite as" time="0.0">
    <ignored/>
  </testcase> <!-- @AfterSuite as -->
</testsuite> <!-- Test3 -->
